<?xml version="1.0" encoding="UTF-8"?>
<testsuite name="Test" tests="2" skipped="0" failures="0" errors="0" timestamp="2024-09-12T20:51:11" hostname="NOKONKWO_EXE" time="0.016">
  <properties/>
  <testcase name="testNegative" classname="Test" time="0.012"/>
  <testcase name="testLargeNumber" classname="Test" time="0.002"/>
  <system-out><![CDATA[]]></system-out>
  <system-err><![CDATA[]]></system-err>
</testsuite>
