<?xml version="1.0" encoding="UTF-8"?>
<testsuite name="TestStringTemplates" tests="3" skipped="0" failures="0" errors="0" timestamp="2024-09-12T02:24:34" hostname="NOKONKWO_EXE" time="0.017">
  <properties/>
  <testcase name="match1" classname="TestStringTemplates" time="0.009"/>
  <testcase name="match" classname="TestStringTemplates" time="0.004"/>
  <testcase name="doNotMatch" classname="TestStringTemplates" time="0.001"/>
  <system-out><![CDATA[]]></system-out>
  <system-err><![CDATA[]]></system-err>
</testsuite>
