<?xml version="1.0" encoding="UTF-8"?>
<testsuite name="Test" tests="1" skipped="0" failures="0" errors="0" timestamp="2024-09-12T02:02:32" hostname="NOKONKWO_EXE" time="0.006">
  <properties/>
  <testcase name="testSolution" classname="Test" time="0.006"/>
  <system-out><![CDATA[]]></system-out>
  <system-err><![CDATA[]]></system-err>
</testsuite>
